Using pre-set license
Built from '2021.3/staging' branch; Version is '2021.3.15f1 (e8e88683f834) revision 15263878'; Using compiler version '192829333'; Build Type 'Release'
OS: 'Windows 11  (10.0.22621) 64bit Core' Language: 'de' Physical Memory: 16312 MB
BatchMode: 1, IsHumanControllingUs: 0, StartBugReporterOnCrash: 0, Is64bit: 1, IsPro: 1

COMMAND LINE ARGUMENTS:
C:\Program Files\Unity\Hub\Editor\2021.3.15f1\Editor\Unity.exe
-adb2
-batchMode
-noUpm
-name
AssetImportWorker1
-projectPath
E:/Murmelbahn/Semesterprojekt-Murmelbahn/Murmelbahn/Version1/Prototyp
-logFile
Logs/AssetImportWorker1.log
-srvPort
56174
Successfully changed project path to: E:/Murmelbahn/Semesterprojekt-Murmelbahn/Murmelbahn/Version1/Prototyp
E:/Murmelbahn/Semesterprojekt-Murmelbahn/Murmelbahn/Version1/Prototyp
[UnityMemory] Configuration Parameters - Can be set up in boot.config
    "memorysetup-bucket-allocator-granularity=16"
    "memorysetup-bucket-allocator-bucket-count=8"
    "memorysetup-bucket-allocator-block-size=33554432"
    "memorysetup-bucket-allocator-block-count=8"
    "memorysetup-main-allocator-block-size=16777216"
    "memorysetup-thread-allocator-block-size=16777216"
    "memorysetup-gfx-main-allocator-block-size=16777216"
    "memorysetup-gfx-thread-allocator-block-size=16777216"
    "memorysetup-cache-allocator-block-size=4194304"
    "memorysetup-typetree-allocator-block-size=2097152"
    "memorysetup-profiler-bucket-allocator-granularity=16"
    "memorysetup-profiler-bucket-allocator-bucket-count=8"
    "memorysetup-profiler-bucket-allocator-block-size=33554432"
    "memorysetup-profiler-bucket-allocator-block-count=8"
    "memorysetup-profiler-allocator-block-size=16777216"
    "memorysetup-profiler-editor-allocator-block-size=1048576"
    "memorysetup-temp-allocator-size-main=16777216"
    "memorysetup-job-temp-allocator-block-size=2097152"
    "memorysetup-job-temp-allocator-block-size-background=1048576"
    "memorysetup-job-temp-allocator-reduction-small-platforms=262144"
    "memorysetup-temp-allocator-size-background-worker=32768"
    "memorysetup-temp-allocator-size-job-worker=262144"
    "memorysetup-temp-allocator-size-preload-manager=33554432"
    "memorysetup-temp-allocator-size-nav-mesh-worker=65536"
    "memorysetup-temp-allocator-size-audio-worker=65536"
    "memorysetup-temp-allocator-size-cloud-worker=32768"
    "memorysetup-temp-allocator-size-gi-baking-worker=262144"
    "memorysetup-temp-allocator-size-gfx=262144"
Player connection [13320] Host "[IP] 192.168.178.63 [Port] 0 [Flags] 2 [Guid] 282268600 [EditorId] 282268600 [Version] 1048832 [Id] WindowsEditor(7,DESKTOP-8KRC7SJ) [Debug] 1 [PackageName] WindowsEditor [ProjectName] Editor" joined multi-casting on [225.0.0.222:54997]...

Player connection [13320] Host "[IP] 192.168.178.63 [Port] 0 [Flags] 2 [Guid] 282268600 [EditorId] 282268600 [Version] 1048832 [Id] WindowsEditor(7,DESKTOP-8KRC7SJ) [Debug] 1 [PackageName] WindowsEditor [ProjectName] Editor" joined alternative multi-casting on [225.0.0.222:34997]...

Refreshing native plugins compatible for Editor in 70.93 ms, found 3 plugins.
Preloading 0 native plugins for Editor in 0.00 ms.
Initialize engine version: 2021.3.15f1 (e8e88683f834)
[Subsystems] Discovering subsystems at path C:/Program Files/Unity/Hub/Editor/2021.3.15f1/Editor/Data/Resources/UnitySubsystems
[Subsystems] Discovering subsystems at path E:/Murmelbahn/Semesterprojekt-Murmelbahn/Murmelbahn/Version1/Prototyp/Assets
GfxDevice: creating device client; threaded=0; jobified=0
Direct3D:
    Version:  Direct3D 11.0 [level 11.1]
    Renderer: AMD Radeon RX 5600 XT (ID=0x731f)
    Vendor:   ATI
    VRAM:     6103 MB
    Driver:   31.0.12029.7019
Initialize mono
Mono path[0] = 'C:/Program Files/Unity/Hub/Editor/2021.3.15f1/Editor/Data/Managed'
Mono path[1] = 'C:/Program Files/Unity/Hub/Editor/2021.3.15f1/Editor/Data/MonoBleedingEdge/lib/mono/unityjit-win32'
Mono config path = 'C:/Program Files/Unity/Hub/Editor/2021.3.15f1/Editor/Data/MonoBleedingEdge/etc'
Using monoOptions --debugger-agent=transport=dt_socket,embedding=1,server=y,suspend=n,address=127.0.0.1:56760
Begin MonoManager ReloadAssembly
Registering precompiled unity dll's ...
Register platform support module: C:/Program Files/Unity/Hub/Editor/2021.3.15f1/Editor/Data/PlaybackEngines/WebGLSupport/UnityEditor.WebGL.Extensions.dll
Register platform support module: C:/Program Files/Unity/Hub/Editor/2021.3.15f1/Editor/Data/PlaybackEngines/WindowsStandaloneSupport/UnityEditor.WindowsStandalone.Extensions.dll
Registered in 0.004969 seconds.
Native extension for WindowsStandalone target not found
Native extension for WebGL target not found
Refreshing native plugins compatible for Editor in 73.23 ms, found 3 plugins.
Preloading 0 native plugins for Editor in 0.00 ms.
Mono: successfully reloaded assembly
- Completed reload, in  0.533 seconds
Domain Reload Profiling:
	ReloadAssembly (533ms)
		BeginReloadAssembly (59ms)
			ExecutionOrderSort (0ms)
			DisableScriptedObjects (0ms)
			BackupInstance (0ms)
			ReleaseScriptingObjects (0ms)
			CreateAndSetChildDomain (1ms)
		EndReloadAssembly (385ms)
			LoadAssemblies (57ms)
			RebuildTransferFunctionScriptingTraits (0ms)
			SetupTypeCache (82ms)
			ReleaseScriptCaches (0ms)
			RebuildScriptCaches (21ms)
			SetupLoadedEditorAssemblies (239ms)
				LogAssemblyErrors (0ms)
				InitializePlatformSupportModulesInManaged (8ms)
				SetLoadedEditorAssemblies (0ms)
				RefreshPlugins (73ms)
				BeforeProcessingInitializeOnLoad (1ms)
				ProcessInitializeOnLoadAttributes (121ms)
				ProcessInitializeOnLoadMethodAttributes (36ms)
				AfterProcessingInitializeOnLoad (0ms)
				EditorAssembliesLoaded (0ms)
			ExecutionOrderSort2 (0ms)
			AwakeInstancesAfterBackupRestoration (0ms)
Platform modules already initialized, skipping
Registering precompiled user dll's ...
Registered in 0.003155 seconds.
Begin MonoManager ReloadAssembly
Native extension for WindowsStandalone target not found
Native extension for WebGL target not found
Refreshing native plugins compatible for Editor in 1.02 ms, found 3 plugins.
Preloading 0 native plugins for Editor in 0.00 ms.
Mono: successfully reloaded assembly
- Completed reload, in  0.887 seconds
Domain Reload Profiling:
	ReloadAssembly (888ms)
		BeginReloadAssembly (89ms)
			ExecutionOrderSort (0ms)
			DisableScriptedObjects (5ms)
			BackupInstance (0ms)
			ReleaseScriptingObjects (0ms)
			CreateAndSetChildDomain (16ms)
		EndReloadAssembly (694ms)
			LoadAssemblies (63ms)
			RebuildTransferFunctionScriptingTraits (0ms)
			SetupTypeCache (208ms)
			ReleaseScriptCaches (1ms)
			RebuildScriptCaches (45ms)
			SetupLoadedEditorAssemblies (346ms)
				LogAssemblyErrors (0ms)
				InitializePlatformSupportModulesInManaged (8ms)
				SetLoadedEditorAssemblies (1ms)
				RefreshPlugins (1ms)
				BeforeProcessingInitializeOnLoad (81ms)
				ProcessInitializeOnLoadAttributes (225ms)
				ProcessInitializeOnLoadMethodAttributes (24ms)
				AfterProcessingInitializeOnLoad (6ms)
				EditorAssembliesLoaded (0ms)
			ExecutionOrderSort2 (0ms)
			AwakeInstancesAfterBackupRestoration (5ms)
Platform modules already initialized, skipping
========================================================================
Worker process is ready to serve import requests
Launched and connected shader compiler UnityShaderCompiler.exe after 0.03 seconds
Refreshing native plugins compatible for Editor in 0.58 ms, found 3 plugins.
Preloading 0 native plugins for Editor in 0.00 ms.
Unloading 3544 Unused Serialized files (Serialized files now loaded: 0)
Unloading 40 unused Assets / (184.6 KB). Loaded Objects now: 4001.
Memory consumption went from 124.1 MB to 123.9 MB.
Total: 2.576800 ms (FindLiveObjects: 0.279100 ms CreateObjectMapping: 0.099400 ms MarkObjects: 2.096200 ms  DeleteObjects: 0.101300 ms)

AssetImportParameters requested are different than current active one (requested -> active):
  custom:video-decoder-ogg-theora: a1e56fd34408186e4bbccfd4996cb3dc -> 
  custom:container-muxer-webm: aa71ff27fc2769a1b78a27578f13a17b -> 
  custom:container-demuxer-webm: 4f35f7cbe854078d1ac9338744f61a02 -> 
  custom:video-encoder-webm-vp8: eb34c28f22e8b96e1ab97ce403110664 -> 
  custom:audio-encoder-webm-vorbis: bf7c407c2cedff20999df2af8eb42d56 -> 
  custom:framework-win-MediaFoundation: 216162199b28c13a410421893ffa2e32 -> 
  custom:container-demuxer-ogg: 62fdf1f143b41e24485cea50d1cbac27 -> 
  custom:video-decoder-webm-vp8: 9c59270c3fd7afecdb556c50c9e8de78 -> 
  custom:audio-decoder-ogg-vorbis: bf7c407c2cedff20999df2af8eb42d56 -> 
========================================================================
Received Import Request.
  Time since last request: 66043.016147 seconds.
  path: Assets/Objects/Roulette Wheel.fbx
  artifactKey: Guid(5d245d47b8d08c14aa9180579d3c5bfb) Importer(815301076,1909f56bfc062723c751e8b465ee728b)
Start importing Assets/Objects/Roulette Wheel.fbx using Guid(5d245d47b8d08c14aa9180579d3c5bfb) Importer(815301076,1909f56bfc062723c751e8b465ee728b)  -> (artifact id: 'a556ac7a0fa6c7eb2de6ca0059467981') in 0.167056 seconds 
========================================================================
Received Import Request.
  Time since last request: 75.151999 seconds.
  path: Assets/Material/Chair/Chair Back Roughness Baked.png
  artifactKey: Guid(5d9425d8422567d45bddc07fd3d39f7d) Importer(815301076,1909f56bfc062723c751e8b465ee728b)
Start importing Assets/Material/Chair/Chair Back Roughness Baked.png using Guid(5d9425d8422567d45bddc07fd3d39f7d) Importer(815301076,1909f56bfc062723c751e8b465ee728b)  -> (artifact id: 'f153a95cce1df0ff92839e4b9a6c194d') in 0.024010 seconds 
========================================================================
Received Import Request.
  Time since last request: 0.000021 seconds.
  path: Assets/Material/Chair/Chair Bottom Baked.png
  artifactKey: Guid(86aae12a71b44734eb6017d37c150f2c) Importer(815301076,1909f56bfc062723c751e8b465ee728b)
Start importing Assets/Material/Chair/Chair Bottom Baked.png using Guid(86aae12a71b44734eb6017d37c150f2c) Importer(815301076,1909f56bfc062723c751e8b465ee728b)  -> (artifact id: '7afad4ac0542225e116df77362919a3c') in 0.007803 seconds 
========================================================================
Received Import Request.
  Time since last request: 0.000024 seconds.
  path: Assets/Material/Chair/Chair Sitting Color Baked.png
  artifactKey: Guid(543ad0e6b4f741e4b8d110822dc75f1e) Importer(815301076,1909f56bfc062723c751e8b465ee728b)
Start importing Assets/Material/Chair/Chair Sitting Color Baked.png using Guid(543ad0e6b4f741e4b8d110822dc75f1e) Importer(815301076,1909f56bfc062723c751e8b465ee728b)  -> (artifact id: '74c01a83200bfbe672ff3ddc19d3c453') in 0.007250 seconds 
========================================================================
Received Import Request.
  Time since last request: 366.143380 seconds.
  path: Assets/Material/Chair/Chair Sitting.mat
  artifactKey: Guid(766246930f3bb0e4f929ad4d18c89330) Importer(815301076,1909f56bfc062723c751e8b465ee728b)
Start importing Assets/Material/Chair/Chair Sitting.mat using Guid(766246930f3bb0e4f929ad4d18c89330) Importer(815301076,1909f56bfc062723c751e8b465ee728b)  -> (artifact id: '58c0199579923b4a684ac913a50e2ade') in 0.207559 seconds 
========================================================================
Received Import Request.
  Time since last request: 0.622749 seconds.
  path: Assets/PreFab/CoinCounter.prefab
  artifactKey: Guid(11e3bedb23a543c4fb3fc9cd0a899656) Importer(815301076,1909f56bfc062723c751e8b465ee728b)
Start importing Assets/PreFab/CoinCounter.prefab using Guid(11e3bedb23a543c4fb3fc9cd0a899656) Importer(815301076,1909f56bfc062723c751e8b465ee728b)  -> (artifact id: '3be19008e83a6b0c3acdc3b1b10c4cb7') in 0.049683 seconds 
========================================================================
Received Import Request.
  Time since last request: 0.016460 seconds.
  path: Assets/PreFab/Murmeln.prefab
  artifactKey: Guid(f838c732e8ec8274eb82079d98f2db9c) Importer(815301076,1909f56bfc062723c751e8b465ee728b)
Start importing Assets/PreFab/Murmeln.prefab using Guid(f838c732e8ec8274eb82079d98f2db9c) Importer(815301076,1909f56bfc062723c751e8b465ee728b)  -> (artifact id: '41466250e5dfc4dd9442e21aa7874faf') in 0.027927 seconds 
========================================================================
Received Import Request.
  Time since last request: 2892.321249 seconds.
  path: Assets/Material/Wall/Wall Black Baked.png
  artifactKey: Guid(4eac2e8b4587dc24989b0f8322cfaac4) Importer(815301076,1909f56bfc062723c751e8b465ee728b)
Start importing Assets/Material/Wall/Wall Black Baked.png using Guid(4eac2e8b4587dc24989b0f8322cfaac4) Importer(815301076,1909f56bfc062723c751e8b465ee728b)  -> (artifact id: 'dbf946ca6bfeb7766a18708cef1e22ff') in 0.034573 seconds 
========================================================================
Received Import Request.
  Time since last request: 0.000022 seconds.
  path: Assets/Material/Wall/Wall Color Baked.png
  artifactKey: Guid(a8125fd88b384d74aa996517405467aa) Importer(815301076,1909f56bfc062723c751e8b465ee728b)
Start importing Assets/Material/Wall/Wall Color Baked.png using Guid(a8125fd88b384d74aa996517405467aa) Importer(815301076,1909f56bfc062723c751e8b465ee728b)  -> (artifact id: '41906a0506beb5c7a477b6d582e76753') in 0.010248 seconds 
